<?xml version="1.0" encoding="UTF-8"?>
<testng-results skipped="0" failed="0" ignored="0" total="1" passed="1">
  <reporter-output>
  </reporter-output>
  <suite name="Suite" duration-ms="17879" started-at="2022-08-27T23:44:49 IST" finished-at="2022-08-27T23:45:06 IST">
    <groups>
    </groups>
    <test name="Test" duration-ms="17879" started-at="2022-08-27T23:44:49 IST" finished-at="2022-08-27T23:45:06 IST">
      <class name="com.saucedemo.testcases.logintestsourcedemo">
        <test-method status="PASS" signature="setupsuite()[pri:0, instance:com.saucedemo.testcases.logintestsourcedemo@1445d7f]" name="setupsuite" is-config="true" duration-ms="726" started-at="2022-08-27T23:44:48 IST" finished-at="2022-08-27T23:44:49 IST">
          <reporter-output>
          </reporter-output>
        </test-method> <!-- setupsuite -->
        <test-method status="PASS" signature="setupbrowser()[pri:0, instance:com.saucedemo.testcases.logintestsourcedemo@1445d7f]" name="setupbrowser" is-config="true" duration-ms="6236" started-at="2022-08-27T23:44:49 IST" finished-at="2022-08-27T23:44:55 IST">
          <reporter-output>
          </reporter-output>
        </test-method> <!-- setupbrowser -->
        <test-method status="PASS" signature="loginapp()[pri:0, instance:com.saucedemo.testcases.logintestsourcedemo@1445d7f]" name="loginapp" duration-ms="10751" started-at="2022-08-27T23:44:55 IST" finished-at="2022-08-27T23:45:06 IST">
          <reporter-output>
          </reporter-output>
        </test-method> <!-- loginapp -->
        <test-method status="PASS" signature="teardownmethod(org.testng.ITestResult)[pri:0, instance:com.saucedemo.testcases.logintestsourcedemo@1445d7f]" name="teardownmethod" is-config="true" duration-ms="5" started-at="2022-08-27T23:45:06 IST" finished-at="2022-08-27T23:45:06 IST">
          <params>
            <param index="0">
              <value>
                <![CDATA[[TestResult name=loginapp status=SUCCESS method=logintestsourcedemo.loginapp()[pri:0, instance:com.saucedemo.testcases.logintestsourcedemo@1445d7f] output={null}]]]>
              </value>
            </param>
          </params>
          <reporter-output>
          </reporter-output>
        </test-method> <!-- teardownmethod -->
        <test-method status="PASS" signature="teardown()[pri:0, instance:com.saucedemo.testcases.logintestsourcedemo@1445d7f]" name="teardown" is-config="true" duration-ms="827" started-at="2022-08-27T23:45:06 IST" finished-at="2022-08-27T23:45:06 IST">
          <reporter-output>
          </reporter-output>
        </test-method> <!-- teardown -->
      </class> <!-- com.saucedemo.testcases.logintestsourcedemo -->
    </test> <!-- Test -->
  </suite> <!-- Suite -->
</testng-results>
