<?xml version="1.0" encoding="UTF-8"?>
<testng-results skipped="0" failed="0" ignored="0" total="1" passed="1">
  <reporter-output>
  </reporter-output>
  <suite name="FREE CRM Application Test Automation Test Suite" duration-ms="21338" started-at="2023-02-13T17:45:49 IST" finished-at="2023-02-13T17:46:11 IST">
    <groups>
    </groups>
    <test name="Free CRM App Test Cases" duration-ms="21338" started-at="2023-02-13T17:45:49 IST" finished-at="2023-02-13T17:46:11 IST">
      <class name="com.saucedemo.testcases.logintestsourcedemo">
        <test-method status="PASS" signature="setupsuite()[pri:0, instance:com.saucedemo.testcases.logintestsourcedemo@1c72da34]" name="setupsuite" is-config="true" duration-ms="3253" started-at="2023-02-13T17:45:46 IST" finished-at="2023-02-13T17:45:49 IST">
          <reporter-output>
          </reporter-output>
        </test-method> <!-- setupsuite -->
        <test-method status="PASS" signature="setupbrowser()[pri:0, instance:com.saucedemo.testcases.logintestsourcedemo@1c72da34]" name="setupbrowser" is-config="true" duration-ms="9792" started-at="2023-02-13T17:45:49 IST" finished-at="2023-02-13T17:45:59 IST">
          <reporter-output>
          </reporter-output>
        </test-method> <!-- setupbrowser -->
        <test-method status="PASS" signature="loginapp()[pri:0, instance:com.saucedemo.testcases.logintestsourcedemo@1c72da34]" name="loginapp" duration-ms="10680" started-at="2023-02-13T17:45:59 IST" finished-at="2023-02-13T17:46:10 IST">
          <reporter-output>
          </reporter-output>
        </test-method> <!-- loginapp -->
        <test-method status="PASS" signature="teardownmethod(org.testng.ITestResult)[pri:0, instance:com.saucedemo.testcases.logintestsourcedemo@1c72da34]" name="teardownmethod" is-config="true" duration-ms="3" started-at="2023-02-13T17:46:10 IST" finished-at="2023-02-13T17:46:10 IST">
          <params>
            <param index="0">
              <value>
                <![CDATA[[TestResult name=loginapp status=SUCCESS method=logintestsourcedemo.loginapp()[pri:0, instance:com.saucedemo.testcases.logintestsourcedemo@1c72da34] output={null}]]]>
              </value>
            </param>
          </params>
          <reporter-output>
          </reporter-output>
        </test-method> <!-- teardownmethod -->
        <test-method status="PASS" signature="teardown()[pri:0, instance:com.saucedemo.testcases.logintestsourcedemo@1c72da34]" name="teardown" is-config="true" duration-ms="740" started-at="2023-02-13T17:46:10 IST" finished-at="2023-02-13T17:46:11 IST">
          <reporter-output>
          </reporter-output>
        </test-method> <!-- teardown -->
      </class> <!-- com.saucedemo.testcases.logintestsourcedemo -->
    </test> <!-- Free CRM App Test Cases -->
  </suite> <!-- FREE CRM Application Test Automation Test Suite -->
</testng-results>
